c:\users\kryst\desktop\xrsim\vr-doggo-app\vrdogapp\vrdogapp\x64\debug\vc143.pdb
c:\users\kryst\desktop\xrsim\vr-doggo-app\vrdogapp\vrdogapp\x64\debug\vc143.idb
c:\users\kryst\desktop\xrsim\vr-doggo-app\vrdogapp\vrdogapp\x64\debug\graphicsplugin_d3d11.obj
c:\users\kryst\desktop\xrsim\vr-doggo-app\vrdogapp\vrdogapp\x64\debug\d3d_common.obj
c:\users\kryst\desktop\xrsim\vr-doggo-app\vrdogapp\vrdogapp\x64\debug\graphicsplugin_vulkan.obj
c:\users\kryst\desktop\xrsim\vr-doggo-app\vrdogapp\vrdogapp\x64\debug\graphicsplugin_opengles.obj
c:\users\kryst\desktop\xrsim\vr-doggo-app\vrdogapp\vrdogapp\x64\debug\graphicsplugin_opengl.obj
c:\users\kryst\desktop\xrsim\vr-doggo-app\vrdogapp\vrdogapp\x64\debug\graphicsplugin_metal.obj
c:\users\kryst\desktop\xrsim\vr-doggo-app\vrdogapp\vrdogapp\x64\debug\graphicsplugin_d3d12.obj
c:\users\kryst\desktop\xrsim\vr-doggo-app\vrdogapp\vrdogapp\x64\debug\vrdogapp.obj
c:\users\kryst\desktop\xrsim\vr-doggo-app\vrdogapp\vrdogapp\x64\debug\platformplugin_win32.obj
c:\users\kryst\desktop\xrsim\vr-doggo-app\vrdogapp\vrdogapp\x64\debug\platformplugin_posix.obj
c:\users\kryst\desktop\xrsim\vr-doggo-app\vrdogapp\vrdogapp\x64\debug\platformplugin_factory.obj
c:\users\kryst\desktop\xrsim\vr-doggo-app\vrdogapp\vrdogapp\x64\debug\platformplugin_android.obj
c:\users\kryst\desktop\xrsim\vr-doggo-app\vrdogapp\vrdogapp\x64\debug\pch.obj
c:\users\kryst\desktop\xrsim\vr-doggo-app\vrdogapp\vrdogapp\x64\debug\openxr_program.obj
c:\users\kryst\desktop\xrsim\vr-doggo-app\vrdogapp\vrdogapp\x64\debug\logger.obj
c:\users\kryst\desktop\xrsim\vr-doggo-app\vrdogapp\vrdogapp\x64\debug\graphicsplugin_factory.obj
c:\users\kryst\desktop\xrsim\vr-doggo-app\vrdogapp\vrdogapp\x64\debug\ffmpegreader.obj
c:\users\kryst\desktop\xrsim\vr-doggo-app\vrdogapp\x64\debug\vrdogapp.exe
c:\users\kryst\desktop\xrsim\vr-doggo-app\vrdogapp\x64\debug\vrdogapp.pdb
c:\users\kryst\desktop\xrsim\vr-doggo-app\vrdogapp\x64\debug\vrdogapp.lib
c:\users\kryst\desktop\xrsim\vr-doggo-app\vrdogapp\x64\debug\vrdogapp.exp
c:\users\kryst\desktop\xrsim\vr-doggo-app\vrdogapp\vrdogapp\x64\debug\vrdogapp.ilk
c:\users\kryst\documents\vrdog\vrdog-vr\vrdogapp\vrdogapp\x64\debug\d3d_common.obj
c:\users\kryst\documents\vrdog\vrdog-vr\vrdogapp\vrdogapp\x64\debug\ffmpegreader.obj
c:\users\kryst\documents\vrdog\vrdog-vr\vrdogapp\vrdogapp\x64\debug\graphicsplugin_d3d11.obj
c:\users\kryst\documents\vrdog\vrdog-vr\vrdogapp\vrdogapp\x64\debug\graphicsplugin_d3d12.obj
c:\users\kryst\documents\vrdog\vrdog-vr\vrdogapp\vrdogapp\x64\debug\graphicsplugin_factory.obj
c:\users\kryst\documents\vrdog\vrdog-vr\vrdogapp\vrdogapp\x64\debug\graphicsplugin_metal.obj
c:\users\kryst\documents\vrdog\vrdog-vr\vrdogapp\vrdogapp\x64\debug\graphicsplugin_opengl.obj
c:\users\kryst\documents\vrdog\vrdog-vr\vrdogapp\vrdogapp\x64\debug\graphicsplugin_opengles.obj
c:\users\kryst\documents\vrdog\vrdog-vr\vrdogapp\vrdogapp\x64\debug\graphicsplugin_vulkan.obj
c:\users\kryst\documents\vrdog\vrdog-vr\vrdogapp\vrdogapp\x64\debug\logger.obj
c:\users\kryst\documents\vrdog\vrdog-vr\vrdogapp\vrdogapp\x64\debug\openxr_program.obj
c:\users\kryst\documents\vrdog\vrdog-vr\vrdogapp\vrdogapp\x64\debug\pch.obj
c:\users\kryst\documents\vrdog\vrdog-vr\vrdogapp\vrdogapp\x64\debug\platformplugin_android.obj
c:\users\kryst\documents\vrdog\vrdog-vr\vrdogapp\vrdogapp\x64\debug\platformplugin_factory.obj
c:\users\kryst\documents\vrdog\vrdog-vr\vrdogapp\vrdogapp\x64\debug\platformplugin_posix.obj
c:\users\kryst\documents\vrdog\vrdog-vr\vrdogapp\vrdogapp\x64\debug\platformplugin_win32.obj
c:\users\kryst\documents\vrdog\vrdog-vr\vrdogapp\vrdogapp\x64\debug\vrdogapp.obj
c:\users\kryst\documents\vrdog\vrdog-vr\vrdogapp\vrdogapp\x64\debug\vrdogapp.ilk
c:\users\kryst\documents\vrdog\vrdog-vr\vrdogapp\vrdogapp\x64\debug\vc143.idb
c:\users\kryst\documents\vrdog\vrdog-vr\vrdogapp\vrdogapp\x64\debug\vc143.pdb
c:\users\kryst\documents\vrdog\vrdog-vr\vrdogapp\x64\debug\vrdogapp.pdb
c:\users\kryst\documents\vrdog\vrdog-vr\vrdogapp\x64\debug\vrdogapp.exe
c:\users\kryst\documents\vrdog\vrdog-vr\vrdogapp\vrdogapp\x64\debug\vrdogapp.tlog\cl.command.1.tlog
c:\users\kryst\documents\vrdog\vrdog-vr\vrdogapp\vrdogapp\x64\debug\vrdogapp.tlog\cl.items.tlog
c:\users\kryst\documents\vrdog\vrdog-vr\vrdogapp\vrdogapp\x64\debug\vrdogapp.tlog\cl.read.1.tlog
c:\users\kryst\documents\vrdog\vrdog-vr\vrdogapp\vrdogapp\x64\debug\vrdogapp.tlog\cl.write.1.tlog
c:\users\kryst\documents\vrdog\vrdog-vr\vrdogapp\vrdogapp\x64\debug\vrdogapp.tlog\link.command.1.tlog
c:\users\kryst\documents\vrdog\vrdog-vr\vrdogapp\vrdogapp\x64\debug\vrdogapp.tlog\link.read.1.tlog
c:\users\kryst\documents\vrdog\vrdog-vr\vrdogapp\vrdogapp\x64\debug\vrdogapp.tlog\link.secondary.1.tlog
c:\users\kryst\documents\vrdog\vrdog-vr\vrdogapp\vrdogapp\x64\debug\vrdogapp.tlog\link.write.1.tlog
